Arguments: 
  C:\Program Files (x86)\nodejs\node.exe C:\Users\oskar\AppData\Roaming\npm\node_modules\yarn\bin\yarn.js add express

PATH: 
  C:\Users\oskar\bin;C:\Program Files\Git\mingw64\bin;C:\Program Files\Git\usr\local\bin;C:\Program Files\Git\usr\bin;C:\Program Files\Git\usr\bin;C:\Program Files\Git\mingw64\bin;C:\Program Files\Git\usr\bin;C:\Users\oskar\bin;C:\WINDOWS\system32;C:\WINDOWS;C:\WINDOWS\System32\Wbem;C:\WINDOWS\System32\WindowsPowerShell\v1.0;C:\WINDOWS\System32\OpenSSH;C:\Users\oskar\Documents\Java_programowanie\Jdk_11\jdk-11.0.10+9\bin;C:\Program Files\Git\cmd;C:\Program Files (x86)\nodejs;C:\Program Files\heroku\bin;C:\Users\oskar\AppData\Local\Microsoft\WindowsApps;C:\Users\oskar\AppData\Local\atom\bin;C:\Users\oskar\AppData\Roaming\npm;C:\Users\oskar\AppData\Local\Programs\Microsoft VS Code\bin;C:\Program Files\heroku\bin;C:\Program Files\Git\usr\bin\vendor_perl;C:\Program Files\Git\usr\bin\core_perl

Yarn version: 
  1.22.15

Node version: 
  14.17.0

Platform: 
  win32 ia32

Trace: 
  SyntaxError: C:\Users\oskar\Documents\Kodilla\Projects\websocket-starter\package.json: Unexpected end of JSON input
      at JSON.parse (<anonymous>)
      at C:\Users\oskar\AppData\Roaming\npm\node_modules\yarn\lib\cli.js:1625:59
      at Generator.next (<anonymous>)
      at step (C:\Users\oskar\AppData\Roaming\npm\node_modules\yarn\lib\cli.js:310:30)
      at C:\Users\oskar\AppData\Roaming\npm\node_modules\yarn\lib\cli.js:321:13

npm manifest: 
  

yarn manifest: 
  No manifest

Lockfile: 
  # THIS IS AN AUTOGENERATED FILE. DO NOT EDIT THIS FILE DIRECTLY.
  # yarn lockfile v1
